This is XeTeX, Version 3.14159265-2.6-0.999991 (TeX Live 2019) (preloaded format=xelatex 2019.11.30)  16 MAY 2020 22:41
entering extended mode
 restricted \write18 enabled.
 file:line:error style messages enabled.
 %&-line parsing enabled.
**pcd-tokyo-2020.tex
(./pcd-tokyo-2020.tex
LaTeX2e <2018-12-01>
(/usr/local/texlive/2019/texmf-dist/tex/latex/base/book.cls
Document Class: book 2018/09/03 v1.4i Standard LaTeX document class
(/usr/local/texlive/2019/texmf-dist/tex/latex/base/bk11.clo
File: bk11.clo 2018/09/03 v1.4i Standard LaTeX file (size option)
)
\c@part=\count80
\c@chapter=\count81
\c@section=\count82
\c@subsection=\count83
\c@subsubsection=\count84
\c@paragraph=\count85
\c@subparagraph=\count86
\c@figure=\count87
\c@table=\count88
\abovecaptionskip=\skip41
\belowcaptionskip=\skip42
\bibindent=\dimen102
)
(/usr/local/texlive/2019/texmf-dist/tex/latex/geometry/geometry.sty
Package: geometry 2018/04/16 v5.8 Page Geometry

(/usr/local/texlive/2019/texmf-dist/tex/latex/graphics/keyval.sty
Package: keyval 2014/10/28 v1.15 key=value parser (DPC)
\KV@toks@=\toks14
)
(/usr/local/texlive/2019/texmf-dist/tex/generic/oberdiek/ifpdf.sty
Package: ifpdf 2018/09/07 v3.3 Provides the ifpdf switch
)
(/usr/local/texlive/2019/texmf-dist/tex/generic/oberdiek/ifvtex.sty
Package: ifvtex 2016/05/16 v1.6 Detect VTeX and its facilities (HO)
Package ifvtex Info: VTeX not detected.
)
(/usr/local/texlive/2019/texmf-dist/tex/generic/ifxetex/ifxetex.sty
Package: ifxetex 2010/09/12 v0.6 Provides ifxetex conditional
)
\Gm@cnth=\count89
\Gm@cntv=\count90
\c@Gm@tempcnt=\count91
\Gm@bindingoffset=\dimen103
\Gm@wd@mp=\dimen104
\Gm@odd@mp=\dimen105
\Gm@even@mp=\dimen106
\Gm@layoutwidth=\dimen107
\Gm@layoutheight=\dimen108
\Gm@layouthoffset=\dimen109
\Gm@layoutvoffset=\dimen110
\Gm@dimlist=\toks15
)
(/usr/local/texlive/2019/texmf-dist/tex/latex/fontspec/fontspec.sty
(/usr/local/texlive/2019/texmf-dist/tex/latex/l3packages/xparse/xparse.sty
(/usr/local/texlive/2019/texmf-dist/tex/latex/l3kernel/expl3.sty
Package: expl3 2019-05-07 L3 programming layer (loader) 

(/usr/local/texlive/2019/texmf-dist/tex/latex/l3kernel/expl3-code.tex
Package: expl3 2019-05-07 L3 programming layer (code)
\c_max_int=\count92
\l_tmpa_int=\count93
\l_tmpb_int=\count94
\g_tmpa_int=\count95
\g_tmpb_int=\count96
\g__kernel_prg_map_int=\count97
\c__ior_term_ior=\count98
\c_log_iow=\count99
\l_iow_line_count_int=\count100
\l__iow_line_target_int=\count101
\l__iow_one_indent_int=\count102
\l__iow_indent_int=\count103
\c_zero_dim=\dimen111
\c_max_dim=\dimen112
\l_tmpa_dim=\dimen113
\l_tmpb_dim=\dimen114
\g_tmpa_dim=\dimen115
\g_tmpb_dim=\dimen116
\c_zero_skip=\skip43
\c_max_skip=\skip44
\l_tmpa_skip=\skip45
\l_tmpb_skip=\skip46
\g_tmpa_skip=\skip47
\g_tmpb_skip=\skip48
\c_zero_muskip=\muskip10
\c_max_muskip=\muskip11
\l_tmpa_muskip=\muskip12
\l_tmpb_muskip=\muskip13
\g_tmpa_muskip=\muskip14
\g_tmpb_muskip=\muskip15
\l_keys_choice_int=\count104
\l__intarray_loop_int=\count105
\c__intarray_sp_dim=\dimen117
\g__intarray_font_int=\count106
\c__fp_leading_shift_int=\count107
\c__fp_middle_shift_int=\count108
\c__fp_trailing_shift_int=\count109
\c__fp_big_leading_shift_int=\count110
\c__fp_big_middle_shift_int=\count111
\c__fp_big_trailing_shift_int=\count112
\c__fp_Bigg_leading_shift_int=\count113
\c__fp_Bigg_middle_shift_int=\count114
\c__fp_Bigg_trailing_shift_int=\count115
\g__fp_array_int=\count116
\l__fp_array_loop_int=\count117
\l__sort_length_int=\count118
\l__sort_min_int=\count119
\l__sort_top_int=\count120
\l__sort_max_int=\count121
\l__sort_true_max_int=\count122
\l__sort_block_int=\count123
\l__sort_begin_int=\count124
\l__sort_end_int=\count125
\l__sort_A_int=\count126
\l__sort_B_int=\count127
\l__sort_C_int=\count128
\l__tl_analysis_normal_int=\count129
\l__tl_analysis_index_int=\count130
\l__tl_analysis_nesting_int=\count131
\l__tl_analysis_type_int=\count132
\l__regex_internal_a_int=\count133
\l__regex_internal_b_int=\count134
\l__regex_internal_c_int=\count135
\l__regex_balance_int=\count136
\l__regex_group_level_int=\count137
\l__regex_mode_int=\count138
\c__regex_cs_in_class_mode_int=\count139
\c__regex_cs_mode_int=\count140
\l__regex_catcodes_int=\count141
\l__regex_default_catcodes_int=\count142
\c__regex_catcode_L_int=\count143
\c__regex_catcode_O_int=\count144
\c__regex_catcode_A_int=\count145
\c__regex_all_catcodes_int=\count146
\l__regex_show_lines_int=\count147
\l__regex_min_state_int=\count148
\l__regex_max_state_int=\count149
\l__regex_left_state_int=\count150
\l__regex_right_state_int=\count151
\l__regex_capturing_group_int=\count152
\l__regex_min_pos_int=\count153
\l__regex_max_pos_int=\count154
\l__regex_curr_pos_int=\count155
\l__regex_start_pos_int=\count156
\l__regex_success_pos_int=\count157
\l__regex_curr_char_int=\count158
\l__regex_curr_catcode_int=\count159
\l__regex_last_char_int=\count160
\l__regex_case_changed_char_int=\count161
\l__regex_curr_state_int=\count162
\l__regex_step_int=\count163
\l__regex_min_active_int=\count164
\l__regex_max_active_int=\count165
\l__regex_replacement_csnames_int=\count166
\l__regex_match_count_int=\count167
\l__regex_min_submatch_int=\count168
\l__regex_submatch_int=\count169
\l__regex_zeroth_submatch_int=\count170
\g__regex_trace_regex_int=\count171
\c_empty_box=\box27
\l_tmpa_box=\box28
\l_tmpb_box=\box29
\g_tmpa_box=\box30
\g_tmpb_box=\box31
\l__box_top_dim=\dimen118
\l__box_bottom_dim=\dimen119
\l__box_left_dim=\dimen120
\l__box_right_dim=\dimen121
\l__box_top_new_dim=\dimen122
\l__box_bottom_new_dim=\dimen123
\l__box_left_new_dim=\dimen124
\l__box_right_new_dim=\dimen125
\l__box_internal_box=\box32
\l__coffin_internal_box=\box33
\l__coffin_internal_dim=\dimen126
\l__coffin_offset_x_dim=\dimen127
\l__coffin_offset_y_dim=\dimen128
\l__coffin_x_dim=\dimen129
\l__coffin_y_dim=\dimen130
\l__coffin_x_prime_dim=\dimen131
\l__coffin_y_prime_dim=\dimen132
\c_empty_coffin=\box34
\l__coffin_aligned_coffin=\box35
\l__coffin_aligned_internal_coffin=\box36
\l_tmpa_coffin=\box37
\l_tmpb_coffin=\box38
\g_tmpa_coffin=\box39
\g_tmpb_coffin=\box40
\l__coffin_bounding_shift_dim=\dimen133
\l__coffin_left_corner_dim=\dimen134
\l__coffin_right_corner_dim=\dimen135
\l__coffin_bottom_corner_dim=\dimen136
\l__coffin_top_corner_dim=\dimen137
\l__coffin_scaled_total_height_dim=\dimen138
\l__coffin_scaled_width_dim=\dimen139
\c__coffin_empty_coffin=\box41
\l__coffin_display_coffin=\box42
\l__coffin_display_coord_coffin=\box43
\l__coffin_display_pole_coffin=\box44
\l__coffin_display_offset_dim=\dimen140
\l__coffin_display_x_dim=\dimen141
\l__coffin_display_y_dim=\dimen142
\g__file_internal_ior=\read1
\l__seq_internal_a_int=\count172
\l__seq_internal_b_int=\count173
\c__deprecation_minus_one=\count174
)
(/usr/local/texlive/2019/texmf-dist/tex/latex/l3kernel/l3xdvipdfmx.def
File: l3xdvipdfmx.def 2019-04-06 v L3 Experimental driver: xdvipdfmx
\g__driver_image_int=\count175
\l__driver_pdf_tmp_box=\box45
\g__driver_pdf_object_int=\count176
\g__driver_pdf_annotation_int=\count177
))
Package: xparse 2019-05-03 L3 Experimental document command parser
\l__xparse_current_arg_int=\count178
\g__xparse_grabber_int=\count179
\l__xparse_m_args_int=\count180
\l__xparse_v_nesting_int=\count181
)
Package: fontspec 2019/03/15 v2.7c Font selection for XeLaTeX and LuaLaTeX

(/usr/local/texlive/2019/texmf-dist/tex/latex/fontspec/fontspec-xetex.sty
Package: fontspec-xetex 2019/03/15 v2.7c Font selection for XeLaTeX and LuaLaTe
X
\l__fontspec_script_int=\count182
\l__fontspec_language_int=\count183
\l__fontspec_strnum_int=\count184
\l__fontspec_tmp_int=\count185
\l__fontspec_tmpa_int=\count186
\l__fontspec_tmpb_int=\count187
\l__fontspec_tmpc_int=\count188
\l__fontspec_em_int=\count189
\l__fontspec_emdef_int=\count190
\l__fontspec_strong_int=\count191
\l__fontspec_strongdef_int=\count192
\l__fontspec_tmpa_dim=\dimen143
\l__fontspec_tmpb_dim=\dimen144
\l__fontspec_tmpc_dim=\dimen145

(/usr/local/texlive/2019/texmf-dist/tex/latex/base/fontenc.sty
Package: fontenc 2018/08/11 v2.0j Standard LaTeX package

(/usr/local/texlive/2019/texmf-dist/tex/latex/base/tuenc.def
File: tuenc.def 2018/08/11 v2.0j Standard LaTeX file
LaTeX Font Info:    Redeclaring font encoding TU on input line 82.
))
(/usr/local/texlive/2019/texmf-dist/tex/latex/fontspec/fontspec.cfg)
LaTeX Info: Redefining \itshape on input line 4051.
LaTeX Info: Redefining \slshape on input line 4056.
LaTeX Info: Redefining \scshape on input line 4061.
LaTeX Info: Redefining \upshape on input line 4066.
LaTeX Info: Redefining \em on input line 4096.
LaTeX Info: Redefining \emph on input line 4121.
))
(/usr/local/texlive/2019/texmf-dist/tex/xelatex/xunicode/xunicode.sty
File: xunicode.sty 2011/09/09 v0.981 provides access to latin accents and many 
other characters in Unicode lower plane

(/usr/local/texlive/2019/texmf-dist/tex/latex/tipa/t3enc.def
File: t3enc.def 2001/12/31 T3 encoding
)
\tipaTiiicode=\count193
\tipasavetokens=\toks16
\tipachecktokens=\toks17

(/usr/local/texlive/2019/texmf-dist/tex/latex/graphics/graphicx.sty
Package: graphicx 2017/06/01 v1.1a Enhanced LaTeX Graphics (DPC,SPQR)

(/usr/local/texlive/2019/texmf-dist/tex/latex/graphics/graphics.sty
Package: graphics 2017/06/25 v1.2c Standard LaTeX Graphics (DPC,SPQR)

(/usr/local/texlive/2019/texmf-dist/tex/latex/graphics/trig.sty
Package: trig 2016/01/03 v1.10 sin cos tan (DPC)
)
(/usr/local/texlive/2019/texmf-dist/tex/latex/graphics-cfg/graphics.cfg
File: graphics.cfg 2016/06/04 v1.11 sample graphics configuration
)
Package graphics Info: Driver file: xetex.def on input line 99.

(/usr/local/texlive/2019/texmf-dist/tex/latex/graphics-def/xetex.def
File: xetex.def 2017/06/24 v5.0h Graphics/color driver for xetex
))
\Gin@req@height=\dimen146
\Gin@req@width=\dimen147
))
(/usr/local/texlive/2019/texmf-dist/tex/xelatex/xltxtra/xltxtra.sty
Package: xltxtra 2018/12/31 v0.7 Improvements for the "XeLaTeX" format

(/usr/local/texlive/2019/texmf-dist/tex/generic/oberdiek/ifluatex.sty
Package: ifluatex 2016/05/16 v1.4 Provides the ifluatex switch (HO)
Package ifluatex Info: LuaTeX not detected.
)
(/usr/local/texlive/2019/texmf-dist/tex/latex/realscripts/realscripts.sty
Package: realscripts 2016/02/13 v0.3d Access OpenType subscripts and superscrip
ts
\subsupersep=\dimen148
)
(/usr/local/texlive/2019/texmf-dist/tex/latex/metalogo/metalogo.sty
Package: metalogo 2010/05/29 v0.12 Extended TeX logo macros
\xl@everylogo=\toks18
\xl@@everylogo=\toks19
LaTeX Info: Redefining \TeX on input line 193.
LaTeX Info: Redefining \LaTeX on input line 202.
LaTeX Info: Redefining \LaTeXe on input line 219.
)
\l__xetex_show_hyphens_wrapping_box=\box46
\l__xetex_show_hyphens_temp_box=\box47
\l__xetex_show_hyphens_final_box=\box48
\g__xetex_show_hyphens_word_box=\box49
)

Package fontspec Info: Font family 'AgmenaProRegular(0)' created for font
(fontspec)             'Agmena Pro Regular' with options
(fontspec)             [Mapping=tex-text,Ligatures=TeX].
(fontspec)              
(fontspec)              This font family consists of the following NFSS
(fontspec)             series/shapes:
(fontspec)              
(fontspec)             - 'normal' (m/n) with NFSS spec.: <->"Agmena Pro
(fontspec)             Regular/OT:script=latn;language=DFLT;mapping=tex-text;"
(fontspec)             - 'small caps'  (m/sc) with NFSS spec.: <->"Agmena Pro
(fontspec)             Regular/OT:script=latn;language=DFLT;+smcp;mapping=tex-t
ext;"
(fontspec)             - 'bold' (bx/n) with NFSS spec.: <->"Agmena Pro
(fontspec)             Regular/B/OT:script=latn;language=DFLT;mapping=tex-text;
"
(fontspec)             - 'bold small caps'  (bx/sc) with NFSS spec.:
(fontspec)             <->"Agmena Pro
(fontspec)             Regular/B/OT:script=latn;language=DFLT;+smcp;mapping=tex
-text;"
(fontspec)             - 'italic' (m/it) with NFSS spec.: <->"Agmena Pro
(fontspec)             Regular/I/OT:script=latn;language=DFLT;mapping=tex-text;
"
(fontspec)             - 'italic small caps'  (m/itsc) with NFSS spec.:
(fontspec)             <->"Agmena Pro
(fontspec)             Regular/I/OT:script=latn;language=DFLT;+smcp;mapping=tex
-text;"
(fontspec)             - 'bold italic' (bx/it) with NFSS spec.: <->"Agmena Pro
(fontspec)             Regular/BI/OT:script=latn;language=DFLT;mapping=tex-text
;"
(fontspec)             - 'bold italic small caps'  (bx/itsc) with NFSS spec.:
(fontspec)             <->"Agmena Pro
(fontspec)             Regular/BI/OT:script=latn;language=DFLT;+smcp;mapping=te
x-text;"

LaTeX Info: Redefining \rmfamily on input line 13.

Package fontspec Info: Could not resolve font "YuMincho Medium/I" (it probably
(fontspec)             doesn't exist).


Package fontspec Info: Font family 'YuMinchoMedium(0)' created for font
(fontspec)             'YuMincho Medium' with options [Mapping=tex-text].
(fontspec)              
(fontspec)              This font family consists of the following NFSS
(fontspec)             series/shapes:
(fontspec)              
(fontspec)             - 'normal' (m/n) with NFSS spec.: <->"YuMincho
(fontspec)             Medium/OT:script=latn;language=DFLT;mapping=tex-text;"
(fontspec)             - 'small caps'  (m/sc) with NFSS spec.: 
(fontspec)             - 'bold' (bx/n) with NFSS spec.: <->"YuMincho
(fontspec)             Medium/B/OT:script=latn;language=DFLT;mapping=tex-text;"

(fontspec)             - 'bold small caps'  (bx/sc) with NFSS spec.: 
(fontspec)             - 'bold italic' (bx/it) with NFSS spec.: <->"YuMincho
(fontspec)             Medium/BI/OT:script=latn;language=DFLT;mapping=tex-text;
"
(fontspec)             - 'bold italic small caps'  (bx/itsc) with NFSS spec.: 


Package fontspec Info: Font family 'AgmenaProRegular(1)' created for font
(fontspec)             'Agmena Pro Regular' with options [Mapping=tex-text].
(fontspec)              
(fontspec)              This font family consists of the following NFSS
(fontspec)             series/shapes:
(fontspec)              
(fontspec)             - 'normal' (m/n) with NFSS spec.: <->"Agmena Pro
(fontspec)             Regular/OT:script=latn;language=DFLT;mapping=tex-text;"
(fontspec)             - 'small caps'  (m/sc) with NFSS spec.: <->"Agmena Pro
(fontspec)             Regular/OT:script=latn;language=DFLT;+smcp;mapping=tex-t
ext;"
(fontspec)             - 'bold' (bx/n) with NFSS spec.: <->"Agmena Pro
(fontspec)             Regular/B/OT:script=latn;language=DFLT;mapping=tex-text;
"
(fontspec)             - 'bold small caps'  (bx/sc) with NFSS spec.:
(fontspec)             <->"Agmena Pro
(fontspec)             Regular/B/OT:script=latn;language=DFLT;+smcp;mapping=tex
-text;"
(fontspec)             - 'italic' (m/it) with NFSS spec.: <->"Agmena Pro
(fontspec)             Regular/I/OT:script=latn;language=DFLT;mapping=tex-text;
"
(fontspec)             - 'italic small caps'  (m/itsc) with NFSS spec.:
(fontspec)             <->"Agmena Pro
(fontspec)             Regular/I/OT:script=latn;language=DFLT;+smcp;mapping=tex
-text;"
(fontspec)             - 'bold italic' (bx/it) with NFSS spec.: <->"Agmena Pro
(fontspec)             Regular/BI/OT:script=latn;language=DFLT;mapping=tex-text
;"
(fontspec)             - 'bold italic small caps'  (bx/itsc) with NFSS spec.:
(fontspec)             <->"Agmena Pro
(fontspec)             Regular/BI/OT:script=latn;language=DFLT;+smcp;mapping=te
x-text;"


Package fontspec Info: Font family 'AgmenaProItalic(0)' created for font
(fontspec)             'Agmena Pro Italic' with options [Mapping=tex-text].
(fontspec)              
(fontspec)              This font family consists of the following NFSS
(fontspec)             series/shapes:
(fontspec)              
(fontspec)             - 'normal' (m/n) with NFSS spec.: <->"Agmena Pro
(fontspec)             Italic/OT:script=latn;language=DFLT;mapping=tex-text;"
(fontspec)             - 'small caps'  (m/sc) with NFSS spec.: <->"Agmena Pro
(fontspec)             Italic/OT:script=latn;language=DFLT;+smcp;mapping=tex-te
xt;"
(fontspec)             - 'bold' (bx/n) with NFSS spec.: <->"Agmena Pro
(fontspec)             Italic/B/OT:script=latn;language=DFLT;mapping=tex-text;"

(fontspec)             - 'bold small caps'  (bx/sc) with NFSS spec.:
(fontspec)             <->"Agmena Pro
(fontspec)             Italic/B/OT:script=latn;language=DFLT;+smcp;mapping=tex-
text;"
(fontspec)             - 'italic' (m/it) with NFSS spec.: <->"Agmena Pro
(fontspec)             Italic/I/OT:script=latn;language=DFLT;mapping=tex-text;"

(fontspec)             - 'italic small caps'  (m/itsc) with NFSS spec.:
(fontspec)             <->"Agmena Pro
(fontspec)             Italic/I/OT:script=latn;language=DFLT;+smcp;mapping=tex-
text;"
(fontspec)             - 'bold italic' (bx/it) with NFSS spec.: <->"Agmena Pro
(fontspec)             Italic/BI/OT:script=latn;language=DFLT;mapping=tex-text;
"
(fontspec)             - 'bold italic small caps'  (bx/itsc) with NFSS spec.:
(fontspec)             <->"Agmena Pro
(fontspec)             Italic/BI/OT:script=latn;language=DFLT;+smcp;mapping=tex
-text;"


Package fontspec Info: Font family 'AgmenaProBook(0)' created for font 'Agmena
(fontspec)             Pro Book' with options [Mapping=tex-text].
(fontspec)              
(fontspec)              This font family consists of the following NFSS
(fontspec)             series/shapes:
(fontspec)              
(fontspec)             - 'normal' (m/n) with NFSS spec.: <->"Agmena Pro
(fontspec)             Book/OT:script=latn;language=DFLT;mapping=tex-text;"
(fontspec)             - 'small caps'  (m/sc) with NFSS spec.: <->"Agmena Pro
(fontspec)             Book/OT:script=latn;language=DFLT;+smcp;mapping=tex-text
;"
(fontspec)             - 'bold' (bx/n) with NFSS spec.: <->"Agmena Pro
(fontspec)             Book/B/OT:script=latn;language=DFLT;mapping=tex-text;"
(fontspec)             - 'bold small caps'  (bx/sc) with NFSS spec.:
(fontspec)             <->"Agmena Pro
(fontspec)             Book/B/OT:script=latn;language=DFLT;+smcp;mapping=tex-te
xt;"
(fontspec)             - 'italic' (m/it) with NFSS spec.: <->"Agmena Pro
(fontspec)             Book/I/OT:script=latn;language=DFLT;mapping=tex-text;"
(fontspec)             - 'italic small caps'  (m/itsc) with NFSS spec.:
(fontspec)             <->"Agmena Pro
(fontspec)             Book/I/OT:script=latn;language=DFLT;+smcp;mapping=tex-te
xt;"
(fontspec)             - 'bold italic' (bx/it) with NFSS spec.: <->"Agmena Pro
(fontspec)             Book/BI/OT:script=latn;language=DFLT;mapping=tex-text;"
(fontspec)             - 'bold italic small caps'  (bx/itsc) with NFSS spec.:
(fontspec)             <->"Agmena Pro
(fontspec)             Book/BI/OT:script=latn;language=DFLT;+smcp;mapping=tex-t
ext;"


Package fontspec Info: Font family 'AgmenaProBookItalic(0)' created for font
(fontspec)             'Agmena Pro Book Italic' with options
(fontspec)             [Mapping=tex-text].
(fontspec)              
(fontspec)              This font family consists of the following NFSS
(fontspec)             series/shapes:
(fontspec)              
(fontspec)             - 'normal' (m/n) with NFSS spec.: <->"Agmena Pro Book
(fontspec)             Italic/OT:script=latn;language=DFLT;mapping=tex-text;"
(fontspec)             - 'small caps'  (m/sc) with NFSS spec.: <->"Agmena Pro
(fontspec)             Book
(fontspec)             Italic/OT:script=latn;language=DFLT;+smcp;mapping=tex-te
xt;"
(fontspec)             - 'bold' (bx/n) with NFSS spec.: <->"Agmena Pro Book
(fontspec)             Italic/B/OT:script=latn;language=DFLT;mapping=tex-text;"

(fontspec)             - 'bold small caps'  (bx/sc) with NFSS spec.:
(fontspec)             <->"Agmena Pro Book
(fontspec)             Italic/B/OT:script=latn;language=DFLT;+smcp;mapping=tex-
text;"
(fontspec)             - 'italic' (m/it) with NFSS spec.: <->"Agmena Pro Book
(fontspec)             Italic/I/OT:script=latn;language=DFLT;mapping=tex-text;"

(fontspec)             - 'italic small caps'  (m/itsc) with NFSS spec.:
(fontspec)             <->"Agmena Pro Book
(fontspec)             Italic/I/OT:script=latn;language=DFLT;+smcp;mapping=tex-
text;"
(fontspec)             - 'bold italic' (bx/it) with NFSS spec.: <->"Agmena Pro
(fontspec)             Book
(fontspec)             Italic/BI/OT:script=latn;language=DFLT;mapping=tex-text;
"
(fontspec)             - 'bold italic small caps'  (bx/itsc) with NFSS spec.:
(fontspec)             <->"Agmena Pro Book
(fontspec)             Italic/BI/OT:script=latn;language=DFLT;+smcp;mapping=tex
-text;"


Package fontspec Info: Font family 'AgmenaProSemiBold(0)' created for font
(fontspec)             'Agmena Pro SemiBold' with options [Mapping=tex-text].
(fontspec)              
(fontspec)              This font family consists of the following NFSS
(fontspec)             series/shapes:
(fontspec)              
(fontspec)             - 'normal' (m/n) with NFSS spec.: <->"Agmena Pro
(fontspec)             SemiBold/OT:script=latn;language=DFLT;mapping=tex-text;"

(fontspec)             - 'small caps'  (m/sc) with NFSS spec.: <->"Agmena Pro
(fontspec)             SemiBold/OT:script=latn;language=DFLT;+smcp;mapping=tex-
text;"
(fontspec)             - 'bold' (bx/n) with NFSS spec.: <->"Agmena Pro
(fontspec)             SemiBold/B/OT:script=latn;language=DFLT;mapping=tex-text
;"
(fontspec)             - 'bold small caps'  (bx/sc) with NFSS spec.:
(fontspec)             <->"Agmena Pro
(fontspec)             SemiBold/B/OT:script=latn;language=DFLT;+smcp;mapping=te
x-text;"
(fontspec)             - 'italic' (m/it) with NFSS spec.: <->"Agmena Pro
(fontspec)             SemiBold/I/OT:script=latn;language=DFLT;mapping=tex-text
;"
(fontspec)             - 'italic small caps'  (m/itsc) with NFSS spec.:
(fontspec)             <->"Agmena Pro
(fontspec)             SemiBold/I/OT:script=latn;language=DFLT;+smcp;mapping=te
x-text;"
(fontspec)             - 'bold italic' (bx/it) with NFSS spec.: <->"Agmena Pro
(fontspec)             SemiBold/BI/OT:script=latn;language=DFLT;mapping=tex-tex
t;"
(fontspec)             - 'bold italic small caps'  (bx/itsc) with NFSS spec.:
(fontspec)             <->"Agmena Pro
(fontspec)             SemiBold/BI/OT:script=latn;language=DFLT;+smcp;mapping=t
ex-text;"


Package fontspec Info: Font family 'AgmenaProSemiBoldItalic(0)' created for
(fontspec)             font 'Agmena Pro SemiBold Italic' with options
(fontspec)             [Mapping=tex-text].
(fontspec)              
(fontspec)              This font family consists of the following NFSS
(fontspec)             series/shapes:
(fontspec)              
(fontspec)             - 'normal' (m/n) with NFSS spec.: <->"Agmena Pro
(fontspec)             SemiBold
(fontspec)             Italic/OT:script=latn;language=DFLT;mapping=tex-text;"
(fontspec)             - 'small caps'  (m/sc) with NFSS spec.: <->"Agmena Pro
(fontspec)             SemiBold
(fontspec)             Italic/OT:script=latn;language=DFLT;+smcp;mapping=tex-te
xt;"
(fontspec)             - 'bold' (bx/n) with NFSS spec.: <->"Agmena Pro
(fontspec)             SemiBold
(fontspec)             Italic/B/OT:script=latn;language=DFLT;mapping=tex-text;"

(fontspec)             - 'bold small caps'  (bx/sc) with NFSS spec.:
(fontspec)             <->"Agmena Pro SemiBold
(fontspec)             Italic/B/OT:script=latn;language=DFLT;+smcp;mapping=tex-
text;"
(fontspec)             - 'italic' (m/it) with NFSS spec.: <->"Agmena Pro
(fontspec)             SemiBold
(fontspec)             Italic/I/OT:script=latn;language=DFLT;mapping=tex-text;"

(fontspec)             - 'italic small caps'  (m/itsc) with NFSS spec.:
(fontspec)             <->"Agmena Pro SemiBold
(fontspec)             Italic/I/OT:script=latn;language=DFLT;+smcp;mapping=tex-
text;"
(fontspec)             - 'bold italic' (bx/it) with NFSS spec.: <->"Agmena Pro
(fontspec)             SemiBold
(fontspec)             Italic/BI/OT:script=latn;language=DFLT;mapping=tex-text;
"
(fontspec)             - 'bold italic small caps'  (bx/itsc) with NFSS spec.:
(fontspec)             <->"Agmena Pro SemiBold
(fontspec)             Italic/BI/OT:script=latn;language=DFLT;+smcp;mapping=tex
-text;"


Package fontspec Info: Could not resolve font "Agmena Pro Bold/B" (it probably
(fontspec)             doesn't exist).


Package fontspec Info: Font family 'AgmenaProBold(0)' created for font 'Agmena
(fontspec)             Pro Bold' with options [Mapping=tex-text].
(fontspec)              
(fontspec)              This font family consists of the following NFSS
(fontspec)             series/shapes:
(fontspec)              
(fontspec)             - 'normal' (m/n) with NFSS spec.: <->"Agmena Pro
(fontspec)             Bold/OT:script=latn;language=DFLT;mapping=tex-text;"
(fontspec)             - 'small caps'  (m/sc) with NFSS spec.: <->"Agmena Pro
(fontspec)             Bold/OT:script=latn;language=DFLT;+smcp;mapping=tex-text
;"
(fontspec)             - 'italic' (m/it) with NFSS spec.: <->"Agmena Pro
(fontspec)             Bold/I/OT:script=latn;language=DFLT;mapping=tex-text;"
(fontspec)             - 'italic small caps'  (m/itsc) with NFSS spec.:
(fontspec)             <->"Agmena Pro
(fontspec)             Bold/I/OT:script=latn;language=DFLT;+smcp;mapping=tex-te
xt;"
(fontspec)             - 'bold italic' (bx/it) with NFSS spec.: <->"Agmena Pro
(fontspec)             Bold/BI/OT:script=latn;language=DFLT;mapping=tex-text;"
(fontspec)             - 'bold italic small caps'  (bx/itsc) with NFSS spec.:
(fontspec)             <->"Agmena Pro
(fontspec)             Bold/BI/OT:script=latn;language=DFLT;+smcp;mapping=tex-t
ext;"


Package fontspec Info: Could not resolve font "Agmena Pro Bold Italic/B" (it
(fontspec)             probably doesn't exist).


Package fontspec Info: Font family 'AgmenaProBoldItalic(0)' created for font
(fontspec)             'Agmena Pro Bold Italic' with options
(fontspec)             [Mapping=tex-text].
(fontspec)              
(fontspec)              This font family consists of the following NFSS
(fontspec)             series/shapes:
(fontspec)              
(fontspec)             - 'normal' (m/n) with NFSS spec.: <->"Agmena Pro Bold
(fontspec)             Italic/OT:script=latn;language=DFLT;mapping=tex-text;"
(fontspec)             - 'small caps'  (m/sc) with NFSS spec.: <->"Agmena Pro
(fontspec)             Bold
(fontspec)             Italic/OT:script=latn;language=DFLT;+smcp;mapping=tex-te
xt;"
(fontspec)             - 'italic' (m/it) with NFSS spec.: <->"Agmena Pro Bold
(fontspec)             Italic/I/OT:script=latn;language=DFLT;mapping=tex-text;"

(fontspec)             - 'italic small caps'  (m/itsc) with NFSS spec.:
(fontspec)             <->"Agmena Pro Bold
(fontspec)             Italic/I/OT:script=latn;language=DFLT;+smcp;mapping=tex-
text;"
(fontspec)             - 'bold italic' (bx/it) with NFSS spec.: <->"Agmena Pro
(fontspec)             Bold
(fontspec)             Italic/BI/OT:script=latn;language=DFLT;mapping=tex-text;
"
(fontspec)             - 'bold italic small caps'  (bx/itsc) with NFSS spec.:
(fontspec)             <->"Agmena Pro Bold
(fontspec)             Italic/BI/OT:script=latn;language=DFLT;+smcp;mapping=tex
-text;"


(/usr/local/texlive/2019/texmf-dist/tex/latex/polyglossia/polyglossia.sty
Package: polyglossia 2019/04/04 v1.44 Alternative to Babel for XeLaTeX and LuaL
aTeX

(/usr/local/texlive/2019/texmf-dist/tex/latex/etoolbox/etoolbox.sty
Package: etoolbox 2018/08/19 v2.5f e-TeX tools for LaTeX (JAW)
\etb@tempcnta=\count194
)
(/usr/local/texlive/2019/texmf-dist/tex/latex/makecmds/makecmds.sty
Package: makecmds 2009/09/03 v1.0a extra command making commands
)
(/usr/local/texlive/2019/texmf-dist/tex/latex/xkeyval/xkeyval.sty
Package: xkeyval 2014/12/03 v2.7a package option processing (HA)

(/usr/local/texlive/2019/texmf-dist/tex/generic/xkeyval/xkeyval.tex
(/usr/local/texlive/2019/texmf-dist/tex/generic/xkeyval/xkvutils.tex
\XKV@toks=\toks20
\XKV@tempa@toks=\toks21
)
\XKV@depth=\count195
File: xkeyval.tex 2014/12/03 v2.7a key=value parser (HA)
))
\xpg@normalclass=\XeTeXcharclass1
)
(/usr/local/texlive/2019/texmf-dist/tex/latex/polyglossia/gloss-english.ldf
File: gloss-english.ldf polyglossia: module for english
)
Package polyglossia Info: Default language is english.

(/usr/local/texlive/2019/texmf-dist/tex/latex/amsmath/amsmath.sty
Package: amsmath 2018/12/01 v2.17b AMS math features
\@mathmargin=\skip49

For additional information on amsmath, use the `?' option.
(/usr/local/texlive/2019/texmf-dist/tex/latex/amsmath/amstext.sty
Package: amstext 2000/06/29 v2.01 AMS text

(/usr/local/texlive/2019/texmf-dist/tex/latex/amsmath/amsgen.sty
File: amsgen.sty 1999/11/30 v2.0 generic functions
\@emptytoks=\toks22
\ex@=\dimen149
))
(/usr/local/texlive/2019/texmf-dist/tex/latex/amsmath/amsbsy.sty
Package: amsbsy 1999/11/29 v1.2d Bold Symbols
\pmbraise@=\dimen150
)
(/usr/local/texlive/2019/texmf-dist/tex/latex/amsmath/amsopn.sty
Package: amsopn 2016/03/08 v2.02 operator names
)
\inf@bad=\count196
LaTeX Info: Redefining \frac on input line 223.
\uproot@=\count197
\leftroot@=\count198
LaTeX Info: Redefining \overline on input line 385.
\classnum@=\count199
\DOTSCASE@=\count266
LaTeX Info: Redefining \ldots on input line 482.
LaTeX Info: Redefining \dots on input line 485.
LaTeX Info: Redefining \cdots on input line 606.
\Mathstrutbox@=\box50
\strutbox@=\box51
\big@size=\dimen151
LaTeX Font Info:    Redeclaring font encoding OML on input line 729.
LaTeX Font Info:    Redeclaring font encoding OMS on input line 730.
\macc@depth=\count267
\c@MaxMatrixCols=\count268
\dotsspace@=\muskip16
\c@parentequation=\count269
\dspbrk@lvl=\count270
\tag@help=\toks23
\row@=\count271
\column@=\count272
\maxfields@=\count273
\andhelp@=\toks24
\eqnshift@=\dimen152
\alignsep@=\dimen153
\tagshift@=\dimen154
\tagwidth@=\dimen155
\totwidth@=\dimen156
\lineht@=\dimen157
\@envbody=\toks25
\multlinegap=\skip50
\multlinetaggap=\skip51
\mathdisplay@stack=\toks26
LaTeX Info: Redefining \[ on input line 2844.
LaTeX Info: Redefining \] on input line 2845.
)
(/usr/local/texlive/2019/texmf-dist/tex/latex/amsfonts/amsfonts.sty
Package: amsfonts 2013/01/14 v3.01 Basic AMSFonts support
\symAMSa=\mathgroup4
\symAMSb=\mathgroup5
LaTeX Font Info:    Overwriting math alphabet `\mathfrak' in version `bold'
(Font)                  U/euf/m/n --> U/euf/b/n on input line 106.
LaTeX Info: Redefining \bold on input line 115.
)
(/usr/local/texlive/2019/texmf-dist/tex/latex/amsfonts/amssymb.sty
Package: amssymb 2013/01/14 v3.01 AMS font symbols
)
(/usr/local/texlive/2019/texmf-dist/tex/latex/anyfontsize/anyfontsize.sty
Invalid UTF-8 byte or sequence at line 3 replaced by U+FFFD.
Invalid UTF-8 byte or sequence at line 3 replaced by U+FFFD.
Package: anyfontsize 2007/11/22 anyfontsize.sty by pts
)
(/usr/local/texlive/2019/texmf-dist/tex/latex/verbatimbox/verbatimbox.sty
Package: verbatimbox 2014/03/12 v3.13 Routines for placing verbatim text into b
oxes, useful in places where the verbatim environment is inaccessible. Secondar
ily, for adding vertical buffer around an object.

(/usr/local/texlive/2019/texmf-dist/tex/latex/tools/verbatim.sty
Package: verbatim 2014/10/28 v1.5q LaTeX2e package for verbatim enhancements
\every@verbatim=\toks27
\verbatim@line=\toks28
\verbatim@in@stream=\read2
)
(/usr/local/texlive/2019/texmf-dist/tex/latex/readarray/readarray.sty
Package: readarray 2016/11/07\ 2.0\ Routines for inputting 2D and 3D array data
 and recalling it on an element-by-element basis.

(/usr/local/texlive/2019/texmf-dist/tex/latex/base/ifthen.sty
Package: ifthen 2014/09/29 v1.1c Standard LaTeX ifthen package (DPC)
)
(/usr/local/texlive/2019/texmf-dist/tex/generic/listofitems/listofitems.sty
(/usr/local/texlive/2019/texmf-dist/tex/generic/listofitems/listofitems.tex
Invalid UTF-8 byte or sequence at line 50 replaced by U+FFFD.
Invalid UTF-8 byte or sequence at line 50 replaced by U+FFFD.
Invalid UTF-8 byte or sequence at line 90 replaced by U+FFFD.
Invalid UTF-8 byte or sequence at line 90 replaced by U+FFFD.
\loi_cnt_foreach_nest=\count274
Invalid UTF-8 byte or sequence at line 132 replaced by U+FFFD.
Invalid UTF-8 byte or sequence at line 139 replaced by U+FFFD.
Invalid UTF-8 byte or sequence at line 185 replaced by U+FFFD.
Invalid UTF-8 byte or sequence at line 202 replaced by U+FFFD.
Invalid UTF-8 byte or sequence at line 202 replaced by U+FFFD.
Invalid UTF-8 byte or sequence at line 211 replaced by U+FFFD.
Invalid UTF-8 byte or sequence at line 211 replaced by U+FFFD.
Invalid UTF-8 byte or sequence at line 212 replaced by U+FFFD.
Invalid UTF-8 byte or sequence at line 212 replaced by U+FFFD.
Invalid UTF-8 byte or sequence at line 213 replaced by U+FFFD.
Invalid UTF-8 byte or sequence at line 215 replaced by U+FFFD.
Invalid UTF-8 byte or sequence at line 215 replaced by U+FFFD.
Invalid UTF-8 byte or sequence at line 227 replaced by U+FFFD.
Invalid UTF-8 byte or sequence at line 232 replaced by U+FFFD.
Invalid UTF-8 byte or sequence at line 232 replaced by U+FFFD.
Invalid UTF-8 byte or sequence at line 246 replaced by U+FFFD.
Invalid UTF-8 byte or sequence at line 260 replaced by U+FFFD.
Invalid UTF-8 byte or sequence at line 273 replaced by U+FFFD.
Invalid UTF-8 byte or sequence at line 273 replaced by U+FFFD.
Invalid UTF-8 byte or sequence at line 273 replaced by U+FFFD.
Invalid UTF-8 byte or sequence at line 290 replaced by U+FFFD.
Invalid UTF-8 byte or sequence at line 290 replaced by U+FFFD.
Invalid UTF-8 byte or sequence at line 304 replaced by U+FFFD.
Invalid UTF-8 byte or sequence at line 317 replaced by U+FFFD.
Invalid UTF-8 byte or sequence at line 317 replaced by U+FFFD.
Invalid UTF-8 byte or sequence at line 319 replaced by U+FFFD.
Invalid UTF-8 byte or sequence at line 330 replaced by U+FFFD.
Invalid UTF-8 byte or sequence at line 330 replaced by U+FFFD.
Invalid UTF-8 byte or sequence at line 330 replaced by U+FFFD.
Invalid UTF-8 byte or sequence at line 334 replaced by U+FFFD.
\loi_nestcnt=\count275
Invalid UTF-8 byte or sequence at line 347 replaced by U+FFFD.
Invalid UTF-8 byte or sequence at line 347 replaced by U+FFFD.
Invalid UTF-8 byte or sequence at line 347 replaced by U+FFFD.
Invalid UTF-8 byte or sequence at line 347 replaced by U+FFFD.
Invalid UTF-8 byte or sequence at line 353 replaced by U+FFFD.
Invalid UTF-8 byte or sequence at line 354 replaced by U+FFFD.
Invalid UTF-8 byte or sequence at line 375 replaced by U+FFFD.
Invalid UTF-8 byte or sequence at line 375 replaced by U+FFFD.
Invalid UTF-8 byte or sequence at line 376 replaced by U+FFFD.
Invalid UTF-8 byte or sequence at line 376 replaced by U+FFFD.
Invalid UTF-8 byte or sequence at line 376 replaced by U+FFFD.
Invalid UTF-8 byte or sequence at line 376 replaced by U+FFFD.
Invalid UTF-8 byte or sequence at line 376 replaced by U+FFFD.
Invalid UTF-8 byte or sequence at line 376 replaced by U+FFFD.
Invalid UTF-8 byte or sequence at line 386 replaced by U+FFFD.
Invalid UTF-8 byte or sequence at line 387 replaced by U+FFFD.
Invalid UTF-8 byte or sequence at line 387 replaced by U+FFFD.
Invalid UTF-8 byte or sequence at line 387 replaced by U+FFFD.
Invalid UTF-8 byte or sequence at line 387 replaced by U+FFFD.
Invalid UTF-8 byte or sequence at line 388 replaced by U+FFFD.
Invalid UTF-8 byte or sequence at line 388 replaced by U+FFFD.
Invalid UTF-8 byte or sequence at line 388 replaced by U+FFFD.
Invalid UTF-8 byte or sequence at line 388 replaced by U+FFFD.
Invalid UTF-8 byte or sequence at line 388 replaced by U+FFFD.
Invalid UTF-8 byte or sequence at line 388 replaced by U+FFFD.
Invalid UTF-8 byte or sequence at line 391 replaced by U+FFFD.
Invalid UTF-8 byte or sequence at line 399 replaced by U+FFFD.
Invalid UTF-8 byte or sequence at line 399 replaced by U+FFFD.
Invalid UTF-8 byte or sequence at line 403 replaced by U+FFFD.
Invalid UTF-8 byte or sequence at line 405 replaced by U+FFFD.
Invalid UTF-8 byte or sequence at line 416 replaced by U+FFFD.
Invalid UTF-8 byte or sequence at line 416 replaced by U+FFFD.
Invalid UTF-8 byte or sequence at line 417 replaced by U+FFFD.
Invalid UTF-8 byte or sequence at line 418 replaced by U+FFFD.
Invalid UTF-8 byte or sequence at line 418 replaced by U+FFFD.
Invalid UTF-8 byte or sequence at line 418 replaced by U+FFFD.
Invalid UTF-8 byte or sequence at line 421 replaced by U+FFFD.
Invalid UTF-8 byte or sequence at line 421 replaced by U+FFFD.
Invalid UTF-8 byte or sequence at line 421 replaced by U+FFFD.
Invalid UTF-8 byte or sequence at line 423 replaced by U+FFFD.
Invalid UTF-8 byte or sequence at line 423 replaced by U+FFFD.
Invalid UTF-8 byte or sequence at line 425 replaced by U+FFFD.
Invalid UTF-8 byte or sequence at line 426 replaced by U+FFFD.
Invalid UTF-8 byte or sequence at line 430 replaced by U+FFFD.
Invalid UTF-8 byte or sequence at line 430 replaced by U+FFFD.
Invalid UTF-8 byte or sequence at line 433 replaced by U+FFFD.
Invalid UTF-8 byte or sequence at line 433 replaced by U+FFFD.
Invalid UTF-8 byte or sequence at line 445 replaced by U+FFFD.
Invalid UTF-8 byte or sequence at line 448 replaced by U+FFFD.
Invalid UTF-8 byte or sequence at line 465 replaced by U+FFFD.
Invalid UTF-8 byte or sequence at line 481 replaced by U+FFFD.
Invalid UTF-8 byte or sequence at line 481 replaced by U+FFFD.
Invalid UTF-8 byte or sequence at line 482 replaced by U+FFFD.
Invalid UTF-8 byte or sequence at line 482 replaced by U+FFFD.
Invalid UTF-8 byte or sequence at line 492 replaced by U+FFFD.
Invalid UTF-8 byte or sequence at line 514 replaced by U+FFFD.
Invalid UTF-8 byte or sequence at line 514 replaced by U+FFFD.
)
Package: listofitems 2019/03/03 v1.61 Grab items in lists using user-specified 
sep char (CT)
)
\c@@index=\count276
\c@@plane=\count277
\c@@row=\count278
\c@@col=\count279
\c@use@args=\count280
\c@@record=\count281
\c@arg@index=\count282
\c@break@count=\count283
\c@index@count=\count284
\c@loop@count=\count285
\Arg@toks=\toks29
\@arrayident@toks=\toks30
\rdar@file=\read3

readarray: bounds checking OFF
)
\savedverbbox=\box52
\c@VerbboxLineNo=\count286
\boxtopsep=\dimen158
\boxbottomsep=\dimen159
\ps@tempdima=\dimen160
\ps@tempboxa=\box53
\boxtop@sep=\skip52
\boxbottom@sep=\skip53
) (/usr/local/texlive/2019/texmf-dist/tex/latex/datetime/datetime.sty
Package: datetime 2015/03/20 v2.60 Date Time Package

(/usr/local/texlive/2019/texmf-dist/tex/latex/fmtcount/fmtcount.sty
Invalid UTF-8 byte or sequence at line 10 replaced by U+FFFD.
Invalid UTF-8 byte or sequence at line 22 replaced by U+FFFD.
Package: fmtcount 2017/12/24 v3.05

(/usr/local/texlive/2019/texmf-dist/tex/latex/fmtcount/fcprefix.sty
Invalid UTF-8 byte or sequence at line 10 replaced by U+FFFD.
Invalid UTF-8 byte or sequence at line 22 replaced by U+FFFD.
Package: fcprefix 2012/09/28

(/usr/local/texlive/2019/texmf-dist/tex/latex/fmtcount/fcnumparser.sty
Invalid UTF-8 byte or sequence at line 10 replaced by U+FFFD.
Invalid UTF-8 byte or sequence at line 22 replaced by U+FFFD.
Package: fcnumparser 2017/06/15
\fc@digit@counter=\count287
))
\c@padzeroesN=\count288
\fc@tmpcatcode=\count289

(/usr/local/texlive/2019/texmf-dist/tex/latex/fmtcount/fc-english.def
Invalid UTF-8 byte or sequence at line 10 replaced by U+FFFD.
Invalid UTF-8 byte or sequence at line 22 replaced by U+FFFD.
File: fc-english.def 2016/01/12
)
\@DT@modctr=\count290
\@ordinalctr=\count291
\@orgargctr=\count292
\@strctr=\count293
\@tmpstrctr=\count294
\@DT@loopN=\count295
\@DT@X=\count296
)
(/usr/local/texlive/2019/texmf-dist/tex/latex/datetime/datetime-defaults.sty
Package: datetime-defaults 2013/09/10
)
\@day=\count297
\@month=\count298
\@year=\count299
\c@HOUR=\count300
\c@HOURXII=\count301
\c@MINUTE=\count302
\c@TOHOUR=\count303
\c@TOMINUTE=\count304
\c@SECOND=\count305
\currenthour=\count306
\currentminute=\count307
\currentsecond=\count308
Package datetime Info: No datetime.cfg file found, using default settings on in
put line 308.
\@dtctr=\count309
\dayofyear=\count310
\dayofweek=\count311
LaTeX Info: Redefining \today on input line 736.
\dt@a=\toks31
\dt@b=\toks32
)
(/usr/local/texlive/2019/texmf-dist/tex/latex/fancyhdr/fancyhdr.sty
Package: fancyhdr 2019/01/31 v3.10 Extensive control of page headers and footer
s
\f@nch@headwidth=\skip54
\f@nch@O@elh=\skip55
\f@nch@O@erh=\skip56
\f@nch@O@olh=\skip57
\f@nch@O@orh=\skip58
\f@nch@O@elf=\skip59
\f@nch@O@erf=\skip60
\f@nch@O@olf=\skip61
\f@nch@O@orf=\skip62
)
(/usr/local/texlive/2019/texmf-dist/tex/latex/newunicodechar/newunicodechar.sty
Package: newunicodechar 2018/04/08 v1.2 Defining Unicode characters
) (/usr/local/texlive/2019/texmf-dist/tex/latex/tools/afterpage.sty
Package: afterpage 2014/10/28 v1.08 After-Page Package (DPC)
\AP@output=\toks33
\AP@partial=\box54
\AP@footins=\box55
)
(/usr/local/texlive/2019/texmf-dist/tex/latex/eso-pic/eso-pic.sty
Package: eso-pic 2018/04/12 v2.0h eso-pic (RN)

(/usr/local/texlive/2019/texmf-dist/tex/generic/oberdiek/atbegshi.sty
Package: atbegshi 2016/06/09 v1.18 At begin shipout hook (HO)

(/usr/local/texlive/2019/texmf-dist/tex/generic/oberdiek/infwarerr.sty
Package: infwarerr 2016/05/16 v1.4 Providing info/warning/error messages (HO)
)
(/usr/local/texlive/2019/texmf-dist/tex/generic/oberdiek/ltxcmds.sty
Package: ltxcmds 2016/05/16 v1.23 LaTeX kernel commands for general use (HO)
))
(/usr/local/texlive/2019/texmf-dist/tex/latex/xcolor/xcolor.sty
Package: xcolor 2016/05/11 v2.12 LaTeX color extensions (UK)

(/usr/local/texlive/2019/texmf-dist/tex/latex/graphics-cfg/color.cfg
File: color.cfg 2016/01/02 v1.6 sample color configuration
)
Package xcolor Info: Driver file: xetex.def on input line 225.
Package xcolor Info: Model `cmy' substituted by `cmy0' on input line 1348.
Package xcolor Info: Model `RGB' extended on input line 1364.
Package xcolor Info: Model `HTML' substituted by `rgb' on input line 1366.
Package xcolor Info: Model `Hsb' substituted by `hsb' on input line 1367.
Package xcolor Info: Model `tHsb' substituted by `hsb' on input line 1368.
Package xcolor Info: Model `HSB' substituted by `hsb' on input line 1369.
Package xcolor Info: Model `Gray' substituted by `gray' on input line 1370.
Package xcolor Info: Model `wave' substituted by `hsb' on input line 1371.
))
(/usr/local/texlive/2019/texmf-dist/tex/latex/hyperref/hyperref.sty
Package: hyperref 2018/11/30 v6.88e Hypertext links for LaTeX

(/usr/local/texlive/2019/texmf-dist/tex/generic/oberdiek/hobsub-hyperref.sty
Package: hobsub-hyperref 2016/05/16 v1.14 Bundle oberdiek, subset hyperref (HO)


(/usr/local/texlive/2019/texmf-dist/tex/generic/oberdiek/hobsub-generic.sty
Package: hobsub-generic 2016/05/16 v1.14 Bundle oberdiek, subset generic (HO)
Package: hobsub 2016/05/16 v1.14 Construct package bundles (HO)
Package hobsub Info: Skipping package `infwarerr' (already loaded).
Package hobsub Info: Skipping package `ltxcmds' (already loaded).
Package hobsub Info: Skipping package `ifluatex' (already loaded).
Package hobsub Info: Skipping package `ifvtex' (already loaded).
Package: intcalc 2016/05/16 v1.2 Expandable calculations with integers (HO)
Package hobsub Info: Skipping package `ifpdf' (already loaded).
Package: etexcmds 2016/05/16 v1.6 Avoid name clashes with e-TeX commands (HO)
Package: kvsetkeys 2016/05/16 v1.17 Key value parser (HO)
Package: kvdefinekeys 2016/05/16 v1.4 Define keys (HO)
Package: pdftexcmds 2018/09/10 v0.29 Utility functions of pdfTeX for LuaTeX (HO
)
Package pdftexcmds Info: LuaTeX not detected.
Package pdftexcmds Info: pdfTeX >= 1.30 not detected.
Package pdftexcmds Info: \pdf@primitive is available.
Package pdftexcmds Info: \pdf@ifprimitive is available.
Package pdftexcmds Info: \pdfdraftmode not found.
Package: pdfescape 2016/05/16 v1.14 Implements pdfTeX's escape features (HO)
Package: bigintcalc 2016/05/16 v1.4 Expandable calculations on big integers (HO
)
Package: bitset 2016/05/16 v1.2 Handle bit-vector datatype (HO)
Package: uniquecounter 2016/05/16 v1.3 Provide unlimited unique counter (HO)
)
Package hobsub Info: Skipping package `hobsub' (already loaded).
Package: letltxmacro 2016/05/16 v1.5 Let assignment for LaTeX macros (HO)
Package: hopatch 2016/05/16 v1.3 Wrapper for package hooks (HO)
Package: xcolor-patch 2016/05/16 xcolor patch
Package: atveryend 2016/05/16 v1.9 Hooks at the very end of document (HO)
Package hobsub Info: Skipping package `atbegshi' (already loaded).
Package: refcount 2016/05/16 v3.5 Data extraction from label references (HO)
Package: hycolor 2016/05/16 v1.8 Color options for hyperref/bookmark (HO)
)
(/usr/local/texlive/2019/texmf-dist/tex/latex/oberdiek/auxhook.sty
Package: auxhook 2016/05/16 v1.4 Hooks for auxiliary files (HO)
)
(/usr/local/texlive/2019/texmf-dist/tex/latex/oberdiek/kvoptions.sty
Package: kvoptions 2016/05/16 v3.12 Key value format for package options (HO)
)
\@linkdim=\dimen161
\Hy@linkcounter=\count312
\Hy@pagecounter=\count313

(/usr/local/texlive/2019/texmf-dist/tex/latex/hyperref/pd1enc.def
File: pd1enc.def 2018/11/30 v6.88e Hyperref: PDFDocEncoding definition (HO)
)
\Hy@SavedSpaceFactor=\count314

(/usr/local/texlive/2019/texmf-dist/tex/latex/latexconfig/hyperref.cfg
File: hyperref.cfg 2002/06/06 v1.2 hyperref configuration of TeXLive
)
Package hyperref Info: Hyper figures OFF on input line 4519.
Package hyperref Info: Link nesting OFF on input line 4524.
Package hyperref Info: Hyper index ON on input line 4527.
Package hyperref Info: Plain pages OFF on input line 4534.
Package hyperref Info: Backreferencing OFF on input line 4539.
Package hyperref Info: Implicit mode ON; LaTeX internals redefined.
Package hyperref Info: Bookmarks ON on input line 4772.
\c@Hy@tempcnt=\count315

(/usr/local/texlive/2019/texmf-dist/tex/latex/url/url.sty
\Urlmuskip=\muskip17
Package: url 2013/09/16  ver 3.4  Verb mode for urls, etc.
)
LaTeX Info: Redefining \url on input line 5125.
\XeTeXLinkMargin=\dimen162
\Fld@menulength=\count316
\Field@Width=\dimen163
\Fld@charsize=\dimen164
Package hyperref Info: Hyper figures OFF on input line 6380.
Package hyperref Info: Link nesting OFF on input line 6385.
Package hyperref Info: Hyper index ON on input line 6388.
Package hyperref Info: backreferencing OFF on input line 6395.
Package hyperref Info: Link coloring OFF on input line 6400.
Package hyperref Info: Link coloring with OCG OFF on input line 6405.
Package hyperref Info: PDF/A mode OFF on input line 6410.
LaTeX Info: Redefining \ref on input line 6450.
LaTeX Info: Redefining \pageref on input line 6454.
\Hy@abspage=\count317
\c@Item=\count318
\c@Hfootnote=\count319
)
Package hyperref Info: Driver (autodetected): hxetex.

(/usr/local/texlive/2019/texmf-dist/tex/latex/hyperref/hxetex.def
File: hxetex.def 2018/11/30 v6.88e Hyperref driver for XeTeX

(/usr/local/texlive/2019/texmf-dist/tex/latex/hyperref/puenc.def
File: puenc.def 2018/11/30 v6.88e Hyperref: PDF Unicode definition (HO)
)
(/usr/local/texlive/2019/texmf-dist/tex/generic/oberdiek/stringenc.sty
Package: stringenc 2016/05/16 v1.11 Convert strings between diff. encodings (HO
)
)
\pdfm@box=\box56
\c@Hy@AnnotLevel=\count320
\HyField@AnnotCount=\count321
\Fld@listcount=\count322
\c@bookmark@seq@number=\count323

(/usr/local/texlive/2019/texmf-dist/tex/latex/oberdiek/rerunfilecheck.sty
Package: rerunfilecheck 2016/05/16 v1.8 Rerun checks for auxiliary files (HO)
Package uniquecounter Info: New unique counter `rerunfilecheck' on input line 2
82.
)
\Hy@SectionHShift=\skip63
)
(./pcd-tokyo-2020.aux)
\openout1 = `pcd-tokyo-2020.aux'.

LaTeX Font Info:    Checking defaults for OML/cmm/m/it on input line 64.
LaTeX Font Info:    ... okay on input line 64.
LaTeX Font Info:    Checking defaults for T1/cmr/m/n on input line 64.
LaTeX Font Info:    ... okay on input line 64.
LaTeX Font Info:    Checking defaults for OT1/cmr/m/n on input line 64.
LaTeX Font Info:    ... okay on input line 64.
LaTeX Font Info:    Checking defaults for OMS/cmsy/m/n on input line 64.
LaTeX Font Info:    ... okay on input line 64.
LaTeX Font Info:    Checking defaults for TU/lmr/m/n on input line 64.
LaTeX Font Info:    ... okay on input line 64.
LaTeX Font Info:    Checking defaults for OMX/cmex/m/n on input line 64.
LaTeX Font Info:    ... okay on input line 64.
LaTeX Font Info:    Checking defaults for U/cmr/m/n on input line 64.
LaTeX Font Info:    ... okay on input line 64.
LaTeX Font Info:    Checking defaults for T3/cmr/m/n on input line 64.
LaTeX Font Info:    Try loading font information for T3+cmr on input line 64.

(/usr/local/texlive/2019/texmf-dist/tex/latex/tipa/t3cmr.fd
File: t3cmr.fd 2001/12/31 TIPA font definitions
)
LaTeX Font Info:    ... okay on input line 64.
LaTeX Font Info:    Checking defaults for PD1/pdf/m/n on input line 64.
LaTeX Font Info:    ... okay on input line 64.
LaTeX Font Info:    Checking defaults for PU/pdf/m/n on input line 64.
LaTeX Font Info:    ... okay on input line 64.

*geometry* driver: auto-detecting
*geometry* detected driver: xetex
*geometry* verbose mode - [ preamble ] result:
* driver: xetex
* paper: custom
* layout: <same size as paper>
* layoutoffset:(h,v)=(0.0pt,0.0pt)
* modes: twoside 
* h-part:(L,W,R)=(46.4pt, 246.0pt, 69.6pt)
* v-part:(T,H,B)=(61.92062pt, 361.19843pt, 92.88095pt)
* \paperwidth=362.0pt
* \paperheight=516.0pt
* \textwidth=246.0pt
* \textheight=361.19843pt
* \oddsidemargin=-25.87pt
* \evensidemargin=-2.66998pt
* \topmargin=-42.22316pt
* \headheight=12.0pt
* \headsep=19.8738pt
* \topskip=11.0pt
* \footskip=27.46295pt
* \marginparwidth=116.0pt
* \marginparsep=7.0pt
* \columnsep=10.0pt
* \skip\footins=10.0pt plus 4.0pt minus 2.0pt
* \hoffset=0.0pt
* \voffset=0.0pt
* \mag=1000
* \@twocolumnfalse
* \@twosidetrue
* \@mparswitchtrue
* \@reversemarginfalse
* (1in=72.27pt=25.4mm, 1cm=28.453pt)


Package fontspec Info: Adjusting the maths setup (use [no-math] to avoid
(fontspec)             this).

\symlegacymaths=\mathgroup6
LaTeX Font Info:    Overwriting symbol font `legacymaths' in version `bold'
(Font)                  OT1/cmr/m/n --> OT1/cmr/bx/n on input line 64.
LaTeX Font Info:    Redeclaring math accent \acute on input line 64.
LaTeX Font Info:    Redeclaring math accent \grave on input line 64.
LaTeX Font Info:    Redeclaring math accent \ddot on input line 64.
LaTeX Font Info:    Redeclaring math accent \tilde on input line 64.
LaTeX Font Info:    Redeclaring math accent \bar on input line 64.
LaTeX Font Info:    Redeclaring math accent \breve on input line 64.
LaTeX Font Info:    Redeclaring math accent \check on input line 64.
LaTeX Font Info:    Redeclaring math accent \hat on input line 64.
LaTeX Font Info:    Redeclaring math accent \dot on input line 64.
LaTeX Font Info:    Redeclaring math accent \mathring on input line 64.
LaTeX Font Info:    Redeclaring math symbol \Gamma on input line 64.
LaTeX Font Info:    Redeclaring math symbol \Delta on input line 64.
LaTeX Font Info:    Redeclaring math symbol \Theta on input line 64.
LaTeX Font Info:    Redeclaring math symbol \Lambda on input line 64.
LaTeX Font Info:    Redeclaring math symbol \Xi on input line 64.
LaTeX Font Info:    Redeclaring math symbol \Pi on input line 64.
LaTeX Font Info:    Redeclaring math symbol \Sigma on input line 64.
LaTeX Font Info:    Redeclaring math symbol \Upsilon on input line 64.
LaTeX Font Info:    Redeclaring math symbol \Phi on input line 64.
LaTeX Font Info:    Redeclaring math symbol \Psi on input line 64.
LaTeX Font Info:    Redeclaring math symbol \Omega on input line 64.
LaTeX Font Info:    Redeclaring math symbol \mathdollar on input line 64.
LaTeX Font Info:    Redeclaring symbol font `operators' on input line 64.
LaTeX Font Info:    Encoding `OT1' has changed to `TU' for symbol font
(Font)              `operators' in the math version `normal' on input line 64.
LaTeX Font Info:    Overwriting symbol font `operators' in version `normal'
(Font)                  OT1/cmr/m/n --> TU/AgmenaProRegular(0)/m/n on input lin
e 64.
LaTeX Font Info:    Encoding `OT1' has changed to `TU' for symbol font
(Font)              `operators' in the math version `bold' on input line 64.
LaTeX Font Info:    Overwriting symbol font `operators' in version `bold'
(Font)                  OT1/cmr/bx/n --> TU/AgmenaProRegular(0)/m/n on input li
ne 64.
LaTeX Font Info:    Overwriting symbol font `operators' in version `normal'
(Font)                  TU/AgmenaProRegular(0)/m/n --> TU/AgmenaProRegular(0)/m
/n on input line 64.
LaTeX Font Info:    Overwriting math alphabet `\mathit' in version `normal'
(Font)                  OT1/cmr/m/it --> TU/AgmenaProRegular(0)/m/it on input l
ine 64.
LaTeX Font Info:    Overwriting math alphabet `\mathbf' in version `normal'
(Font)                  OT1/cmr/bx/n --> TU/AgmenaProRegular(0)/bx/n on input l
ine 64.
LaTeX Font Info:    Overwriting math alphabet `\mathsf' in version `normal'
(Font)                  OT1/cmss/m/n --> TU/lmss/m/n on input line 64.
LaTeX Font Info:    Overwriting math alphabet `\mathtt' in version `normal'
(Font)                  OT1/cmtt/m/n --> TU/lmtt/m/n on input line 64.
LaTeX Font Info:    Overwriting symbol font `operators' in version `bold'
(Font)                  TU/AgmenaProRegular(0)/m/n --> TU/AgmenaProRegular(0)/b
x/n on input line 64.
LaTeX Font Info:    Overwriting math alphabet `\mathit' in version `bold'
(Font)                  OT1/cmr/bx/it --> TU/AgmenaProRegular(0)/bx/it on input
 line 64.
LaTeX Font Info:    Overwriting math alphabet `\mathsf' in version `bold'
(Font)                  OT1/cmss/bx/n --> TU/lmss/bx/n on input line 64.
LaTeX Font Info:    Overwriting math alphabet `\mathtt' in version `bold'
(Font)                  OT1/cmtt/m/n --> TU/lmtt/bx/n on input line 64.
\AtBeginShipoutBox=\box57
Package hyperref Info: Link coloring OFF on input line 64.
(/usr/local/texlive/2019/texmf-dist/tex/latex/hyperref/nameref.sty
Package: nameref 2016/05/21 v2.44 Cross-referencing by name of section

(/usr/local/texlive/2019/texmf-dist/tex/generic/oberdiek/gettitlestring.sty
Package: gettitlestring 2016/05/16 v1.5 Cleanup title references (HO)
)
\c@section@level=\count324
)
LaTeX Info: Redefining \ref on input line 64.
LaTeX Info: Redefining \pageref on input line 64.
LaTeX Info: Redefining \nameref on input line 64.

(./pcd-tokyo-2020.out) (./pcd-tokyo-2020.out)
\@outlinefile=\write3
\openout3 = `pcd-tokyo-2020.out'.

File: hot-dusk-06de0090-df65-4497-baf3-7febdc05224a.png Graphic file (type bmp)

<hot-dusk-06de0090-df65-4497-baf3-7febdc05224a.png>

(/usr/local/texlive/2019/texmf-dist/tex/generic/oberdiek/se-ascii-print.def
File: se-ascii-print.def 2016/05/16 v1.11 stringenc: Printable ASCII characters

)
[1


] [2]
LaTeX Font Info:    Try loading font information for U+msa on input line 71.
 (/usr/local/texlive/2019/texmf-dist/tex/latex/amsfonts/umsa.fd
File: umsa.fd 2013/01/14 v3.01 AMS symbols A
)
LaTeX Font Info:    Try loading font information for U+msb on input line 71.

(/usr/local/texlive/2019/texmf-dist/tex/latex/amsfonts/umsb.fd
File: umsb.fd 2013/01/14 v3.01 AMS symbols B
) [1]
File: cool-bw-584b0184-4796-4afb-97be-4979e0eb428d.png Graphic file (type bmp)
<cool-bw-584b0184-4796-4afb-97be-4979e0eb428d.png>
 [1]
File: warm-grey-df09d3c5-549a-492e-b372-d92941ecd7c5.png Graphic file (type bmp
)
<warm-grey-df09d3c5-549a-492e-b372-d92941ecd7c5.png>

[2]
File: oz-48181b9b-be9a-4c11-b281-49495de4d7e5.png Graphic file (type bmp)
<oz-48181b9b-be9a-4c11-b281-49495de4d7e5.png>
 [3]
File: constructivist-59a43a95-05c5-47a2-a9a7-87ece977aab0.png Graphic file (typ
e bmp)
<constructivist-59a43a95-05c5-47a2-a9a7-87ece977aab0.png>
 [4]
File: candy-d89e78fa-58b5-4572-aed3-47fe37d9ef93.png Graphic file (type bmp)
<candy-d89e78fa-58b5-4572-aed3-47fe37d9ef93.png>
 [5]
File: warm-bw-90bd7ba2-2eaa-4579-a305-98c1de664277.png Graphic file (type bmp)
<warm-bw-90bd7ba2-2eaa-4579-a305-98c1de664277.png>
 [6]
File: constructivist-a93d80bf-e596-4fab-8dfd-7630c3b41296.png Graphic file (typ
e bmp)
<constructivist-a93d80bf-e596-4fab-8dfd-7630c3b41296.png>
 [7]
File: cool-bw-296d7c2a-a3ea-486e-822d-baf73ea251e6.png Graphic file (type bmp)
<cool-bw-296d7c2a-a3ea-486e-822d-baf73ea251e6.png>
 [8]
File: sci-fi-35a0f90b-73f2-4246-a03d-3400d7672d98.png Graphic file (type bmp)
<sci-fi-35a0f90b-73f2-4246-a03d-3400d7672d98.png>
 [9]
File: warm-bw-1e6a7a5e-76bb-480f-8e22-cea19f638d69.png Graphic file (type bmp)
<warm-bw-1e6a7a5e-76bb-480f-8e22-cea19f638d69.png>
 [10]
File: lemon-b3a5f4a7-c042-4894-a977-e7d249368de6.png Graphic file (type bmp)
<lemon-b3a5f4a7-c042-4894-a977-e7d249368de6.png>
 [11]
File: slate-and-peach-d44c6da6-a2aa-4341-b072-daaa5d4e5226.png Graphic file (ty
pe bmp)
<slate-and-peach-d44c6da6-a2aa-4341-b072-daaa5d4e5226.png>
 [12]
File: constructivist-5-ad6ce6fd-3c58-4195-97ed-d5483c17e18b.png Graphic file (t
ype bmp)
<constructivist-5-ad6ce6fd-3c58-4195-97ed-d5483c17e18b.png>
 [13]
File: candyfloss-9d317a02-51d5-47b4-ab20-df9b8154d844.png Graphic file (type bm
p)
<candyfloss-9d317a02-51d5-47b4-ab20-df9b8154d844.png>
 [14]
File: oz-877d6762-fde1-41dc-bc1f-7dfa7e64e796.png Graphic file (type bmp)
<oz-877d6762-fde1-41dc-bc1f-7dfa7e64e796.png>
 [15]
File: hot-dusk-3d713ec5-55fd-4d07-bb69-80d4d42a7879.png Graphic file (type bmp)

<hot-dusk-3d713ec5-55fd-4d07-bb69-80d4d42a7879.png>
 [16]
File: copper-d2c2979f-1948-42d2-9da5-ebc72cf611f6.png Graphic file (type bmp)
<copper-d2c2979f-1948-42d2-9da5-ebc72cf611f6.png>
 [17]
File: spy-3ff21414-509a-449e-8f52-01b2895b0bf2.png Graphic file (type bmp)
<spy-3ff21414-509a-449e-8f52-01b2895b0bf2.png>

[18]
File: hot-dusk-094433e2-f155-4134-9677-debcb43cf986.png Graphic file (type bmp)

<hot-dusk-094433e2-f155-4134-9677-debcb43cf986.png>
 [19]
File: salmon-lemon-61f4112a-d5df-40b5-a7c2-6a9c0161d3a6.png Graphic file (type 
bmp)
<salmon-lemon-61f4112a-d5df-40b5-a7c2-6a9c0161d3a6.png>
 [20]
File: warm-bw-3374052e-8dac-4167-8cec-e17cf98d5fce.png Graphic file (type bmp)
<warm-bw-3374052e-8dac-4167-8cec-e17cf98d5fce.png>
 [21]
File: salmon-lemon-f957cc6c-120c-4d18-9adf-a21e6ae6e5d8.png Graphic file (type 
bmp)
<salmon-lemon-f957cc6c-120c-4d18-9adf-a21e6ae6e5d8.png>
 [22]
File: orange-bf4c5af2-d76f-439d-a2a5-676b520f3706.png Graphic file (type bmp)
<orange-bf4c5af2-d76f-439d-a2a5-676b520f3706.png>
 [23]
File: lemon-5c7fd634-1583-4f27-b423-b9e091172b19.png Graphic file (type bmp)
<lemon-5c7fd634-1583-4f27-b423-b9e091172b19.png>
 [24]
File: warm-grey-f5a508ec-24f7-431f-b95c-612b97db7a1c.png Graphic file (type bmp
)
<warm-grey-f5a508ec-24f7-431f-b95c-612b97db7a1c.png>
 [25]
File: candyfloss-b35bb9bc-92cd-4f84-9936-6630a03ad6c9.png Graphic file (type bm
p)
<candyfloss-b35bb9bc-92cd-4f84-9936-6630a03ad6c9.png>
 [26]
File: contructivist-real-17065e6b-cbe3-403b-acb4-58d5f267117b.png Graphic file 
(type bmp)
<contructivist-real-17065e6b-cbe3-403b-acb4-58d5f267117b.png>
 [27]
File: blizzard-7d8e21ed-8ae9-4eb0-b18c-8ebb89d6e51f.png Graphic file (type bmp)

<blizzard-7d8e21ed-8ae9-4eb0-b18c-8ebb89d6e51f.png>
 [28]
File: copper-fbf9314d-ef04-4cf0-b9a4-882c898f61a2.png Graphic file (type bmp)
<copper-fbf9314d-ef04-4cf0-b9a4-882c898f61a2.png>
 [29]
File: slate-and-peach-19837770-700c-42df-a84b-afe576d29a88.png Graphic file (ty
pe bmp)
<slate-and-peach-19837770-700c-42df-a84b-afe576d29a88.png>
 [30]
File: salmon-lemon-d401eea0-1575-48d9-b143-558a03223929.png Graphic file (type 
bmp)
<salmon-lemon-d401eea0-1575-48d9-b143-558a03223929.png>
 [31]
File: contructivist-real-10d72d22-19fc-43b3-86a4-a9c598d43b31.png Graphic file 
(type bmp)
<contructivist-real-10d72d22-19fc-43b3-86a4-a9c598d43b31.png>
 [32]
File: candy-d4112a91-964a-4f90-9531-e332df7e4010.png Graphic file (type bmp)
<candy-d4112a91-964a-4f90-9531-e332df7e4010.png>

[33]
File: lime-fd2ef661-2044-4580-baab-f5fac9ad50c3.png Graphic file (type bmp)
<lime-fd2ef661-2044-4580-baab-f5fac9ad50c3.png>
 [34]
File: constructivist-075b714d-45c4-4957-b227-e424e7ef4a36.png Graphic file (typ
e bmp)
<constructivist-075b714d-45c4-4957-b227-e424e7ef4a36.png>
 [35]
File: constructivist-f4a93ec0-b037-4a84-aa80-23efa55a14b7.png Graphic file (typ
e bmp)
<constructivist-f4a93ec0-b037-4a84-aa80-23efa55a14b7.png>
 [36]
File: cool-bw-fa4b9823-a7ad-4b64-ae97-4819edad5bdb.png Graphic file (type bmp)
<cool-bw-fa4b9823-a7ad-4b64-ae97-4819edad5bdb.png>
 [37]
File: mocha-ae2231cf-62a9-47a2-a1af-e212edcd8ed3.png Graphic file (type bmp)
<mocha-ae2231cf-62a9-47a2-a1af-e212edcd8ed3.png>
 [38]
File: azure-d38857fa-8a34-4764-ac5a-b768e03ae4c3.png Graphic file (type bmp)
<azure-d38857fa-8a34-4764-ac5a-b768e03ae4c3.png>
 [39]
File: rubine-942e8ffa-2fd7-46ff-8ff9-d07be8c48ac3.png Graphic file (type bmp)
<rubine-942e8ffa-2fd7-46ff-8ff9-d07be8c48ac3.png>
 [40]
File: pistachio-and-peach-5f4443b7-3754-40f6-86a6-72e17e8956df.png Graphic file
 (type bmp)
<pistachio-and-peach-5f4443b7-3754-40f6-86a6-72e17e8956df.png>
 [41]
File: lemon-3805018e-842b-4196-95b2-8257549c82d0.png Graphic file (type bmp)
<lemon-3805018e-842b-4196-95b2-8257549c82d0.png>
 [42]
File: candyfloss-52eebd54-1f14-45d7-bdb9-93f53688575f.png Graphic file (type bm
p)
<candyfloss-52eebd54-1f14-45d7-bdb9-93f53688575f.png>
 [43]
File: cool-bw-d13ca946-8246-420f-afa3-c388a6c5f2b4.png Graphic file (type bmp)
<cool-bw-d13ca946-8246-420f-afa3-c388a6c5f2b4.png>
 [44]
File: on-white@2x.png Graphic file (type bmp)
<on-white@2x.png>
Package atveryend Info: Empty hook `BeforeClearDocument' on input line 393.
File: hot-dusk-bb8e0d80-fdc7-4c67-8c89-74067aea1f24.png Graphic file (type bmp)

<hot-dusk-bb8e0d80-fdc7-4c67-8c89-74067aea1f24.png>
 [1]
Package atveryend Info: Empty hook `AfterLastShipout' on input line 393.

(./pcd-tokyo-2020.aux)
Package atveryend Info: Empty hook `AtVeryEndDocument' on input line 393.
Package atveryend Info: Executing hook `AtEndAfterFileList' on input line 393.
Package rerunfilecheck Info: File `pcd-tokyo-2020.out' has not changed.
(rerunfilecheck)             Checksum: D41D8CD98F00B204E9800998ECF8427E.
 ) 
Here is how much of TeX's memory you used:
 26927 strings out of 492916
 499204 string characters out of 6133344
 587377 words of memory out of 5000000
 30600 multiletter control sequences out of 15000+600000
 537671 words of font info for 84 fonts, out of 8000000 for 9000
 1348 hyphenation exceptions out of 8191
 43i,11n,79p,1017b,446s stack positions out of 5000i,500n,10000p,200000b,80000s

Output written on pcd-tokyo-2020.pdf (48 pages).
